<?xml version="1.0" encoding="UTF-8"?>
<testsuite xmlns:xsi="http://www.w3.org/2001/XMLSchema-instance" xsi:noNamespaceSchemaLocation="https://maven.apache.org/surefire/maven-surefire-plugin/xsd/surefire-test-report-3.0.xsd" version="3.0" name="metal.akeeb.movies.MoviesApplicationTests" time="2.066" tests="1" errors="0" skipped="0" failures="0">
  <properties>
    <property name="java.specification.version" value="17"/>
    <property name="sun.jnu.encoding" value="UTF-8"/>
    <property name="java.class.path" value="/Users/akeebkhandakar/Downloads/movies/target/test-classes:/Users/akeebkhandakar/Downloads/movies/target/classes:/Users/akeebkhandakar/.m2/repository/org/springframework/boot/spring-boot-starter-data-mongodb/3.2.2/spring-boot-starter-data-mongodb-3.2.2.jar:/Users/akeebkhandakar/.m2/repository/org/springframework/boot/spring-boot-starter/3.2.2/spring-boot-starter-3.2.2.jar:/Users/akeebkhandakar/.m2/repository/org/springframework/boot/spring-boot-starter-logging/3.2.2/spring-boot-starter-logging-3.2.2.jar:/Users/akeebkhandakar/.m2/repository/ch/qos/logback/logback-classic/1.4.14/logback-classic-1.4.14.jar:/Users/akeebkhandakar/.m2/repository/ch/qos/logback/logback-core/1.4.14/logback-core-1.4.14.jar:/Users/akeebkhandakar/.m2/repository/org/apache/logging/log4j/log4j-to-slf4j/2.21.1/log4j-to-slf4j-2.21.1.jar:/Users/akeebkhandakar/.m2/repository/org/apache/logging/log4j/log4j-api/2.21.1/log4j-api-2.21.1.jar:/Users/akeebkhandakar/.m2/repository/org/slf4j/jul-to-slf4j/2.0.11/jul-to-slf4j-2.0.11.jar:/Users/akeebkhandakar/.m2/repository/jakarta/annotation/jakarta.annotation-api/2.1.1/jakarta.annotation-api-2.1.1.jar:/Users/akeebkhandakar/.m2/repository/org/yaml/snakeyaml/2.2/snakeyaml-2.2.jar:/Users/akeebkhandakar/.m2/repository/org/mongodb/mongodb-driver-sync/4.11.1/mongodb-driver-sync-4.11.1.jar:/Users/akeebkhandakar/.m2/repository/org/mongodb/bson/4.11.1/bson-4.11.1.jar:/Users/akeebkhandakar/.m2/repository/org/mongodb/mongodb-driver-core/4.11.1/mongodb-driver-core-4.11.1.jar:/Users/akeebkhandakar/.m2/repository/org/mongodb/bson-record-codec/4.11.1/bson-record-codec-4.11.1.jar:/Users/akeebkhandakar/.m2/repository/org/springframework/data/spring-data-mongodb/4.2.2/spring-data-mongodb-4.2.2.jar:/Users/akeebkhandakar/.m2/repository/org/springframework/spring-tx/6.1.3/spring-tx-6.1.3.jar:/Users/akeebkhandakar/.m2/repository/org/springframework/spring-context/6.1.3/spring-context-6.1.3.jar:/Users/akeebkhandakar/.m2/repository/org/springframework/spring-beans/6.1.3/spring-beans-6.1.3.jar:/Users/akeebkhandakar/.m2/repository/org/springframework/spring-expression/6.1.3/spring-expression-6.1.3.jar:/Users/akeebkhandakar/.m2/repository/org/springframework/data/spring-data-commons/3.2.2/spring-data-commons-3.2.2.jar:/Users/akeebkhandakar/.m2/repository/org/slf4j/slf4j-api/2.0.11/slf4j-api-2.0.11.jar:/Users/akeebkhandakar/.m2/repository/org/springframework/boot/spring-boot-starter-web/3.2.2/spring-boot-starter-web-3.2.2.jar:/Users/akeebkhandakar/.m2/repository/org/springframework/boot/spring-boot-starter-json/3.2.2/spring-boot-starter-json-3.2.2.jar:/Users/akeebkhandakar/.m2/repository/com/fasterxml/jackson/core/jackson-databind/2.15.3/jackson-databind-2.15.3.jar:/Users/akeebkhandakar/.m2/repository/com/fasterxml/jackson/core/jackson-annotations/2.15.3/jackson-annotations-2.15.3.jar:/Users/akeebkhandakar/.m2/repository/com/fasterxml/jackson/core/jackson-core/2.15.3/jackson-core-2.15.3.jar:/Users/akeebkhandakar/.m2/repository/com/fasterxml/jackson/datatype/jackson-datatype-jdk8/2.15.3/jackson-datatype-jdk8-2.15.3.jar:/Users/akeebkhandakar/.m2/repository/com/fasterxml/jackson/datatype/jackson-datatype-jsr310/2.15.3/jackson-datatype-jsr310-2.15.3.jar:/Users/akeebkhandakar/.m2/repository/com/fasterxml/jackson/module/jackson-module-parameter-names/2.15.3/jackson-module-parameter-names-2.15.3.jar:/Users/akeebkhandakar/.m2/repository/org/springframework/boot/spring-boot-starter-tomcat/3.2.2/spring-boot-starter-tomcat-3.2.2.jar:/Users/akeebkhandakar/.m2/repository/org/apache/tomcat/embed/tomcat-embed-core/10.1.18/tomcat-embed-core-10.1.18.jar:/Users/akeebkhandakar/.m2/repository/org/apache/tomcat/embed/tomcat-embed-el/10.1.18/tomcat-embed-el-10.1.18.jar:/Users/akeebkhandakar/.m2/repository/org/apache/tomcat/embed/tomcat-embed-websocket/10.1.18/tomcat-embed-websocket-10.1.18.jar:/Users/akeebkhandakar/.m2/repository/org/springframework/spring-web/6.1.3/spring-web-6.1.3.jar:/Users/akeebkhandakar/.m2/repository/io/micrometer/micrometer-observation/1.12.2/micrometer-observation-1.12.2.jar:/Users/akeebkhandakar/.m2/repository/io/micrometer/micrometer-commons/1.12.2/micrometer-commons-1.12.2.jar:/Users/akeebkhandakar/.m2/repository/org/springframework/spring-webmvc/6.1.3/spring-webmvc-6.1.3.jar:/Users/akeebkhandakar/.m2/repository/org/springframework/spring-aop/6.1.3/spring-aop-6.1.3.jar:/Users/akeebkhandakar/.m2/repository/org/springframework/boot/spring-boot-devtools/3.2.2/spring-boot-devtools-3.2.2.jar:/Users/akeebkhandakar/.m2/repository/org/springframework/boot/spring-boot/3.2.2/spring-boot-3.2.2.jar:/Users/akeebkhandakar/.m2/repository/org/springframework/boot/spring-boot-autoconfigure/3.2.2/spring-boot-autoconfigure-3.2.2.jar:/Users/akeebkhandakar/.m2/repository/org/projectlombok/lombok/1.18.30/lombok-1.18.30.jar:/Users/akeebkhandakar/.m2/repository/org/springframework/boot/spring-boot-starter-test/3.2.2/spring-boot-starter-test-3.2.2.jar:/Users/akeebkhandakar/.m2/repository/org/springframework/boot/spring-boot-test/3.2.2/spring-boot-test-3.2.2.jar:/Users/akeebkhandakar/.m2/repository/org/springframework/boot/spring-boot-test-autoconfigure/3.2.2/spring-boot-test-autoconfigure-3.2.2.jar:/Users/akeebkhandakar/.m2/repository/com/jayway/jsonpath/json-path/2.8.0/json-path-2.8.0.jar:/Users/akeebkhandakar/.m2/repository/jakarta/xml/bind/jakarta.xml.bind-api/4.0.1/jakarta.xml.bind-api-4.0.1.jar:/Users/akeebkhandakar/.m2/repository/jakarta/activation/jakarta.activation-api/2.1.2/jakarta.activation-api-2.1.2.jar:/Users/akeebkhandakar/.m2/repository/net/minidev/json-smart/2.5.0/json-smart-2.5.0.jar:/Users/akeebkhandakar/.m2/repository/net/minidev/accessors-smart/2.5.0/accessors-smart-2.5.0.jar:/Users/akeebkhandakar/.m2/repository/org/ow2/asm/asm/9.3/asm-9.3.jar:/Users/akeebkhandakar/.m2/repository/org/assertj/assertj-core/3.24.2/assertj-core-3.24.2.jar:/Users/akeebkhandakar/.m2/repository/net/bytebuddy/byte-buddy/1.14.11/byte-buddy-1.14.11.jar:/Users/akeebkhandakar/.m2/repository/org/awaitility/awaitility/4.2.0/awaitility-4.2.0.jar:/Users/akeebkhandakar/.m2/repository/org/hamcrest/hamcrest/2.2/hamcrest-2.2.jar:/Users/akeebkhandakar/.m2/repository/org/junit/jupiter/junit-jupiter/5.10.1/junit-jupiter-5.10.1.jar:/Users/akeebkhandakar/.m2/repository/org/junit/jupiter/junit-jupiter-api/5.10.1/junit-jupiter-api-5.10.1.jar:/Users/akeebkhandakar/.m2/repository/org/opentest4j/opentest4j/1.3.0/opentest4j-1.3.0.jar:/Users/akeebkhandakar/.m2/repository/org/junit/platform/junit-platform-commons/1.10.1/junit-platform-commons-1.10.1.jar:/Users/akeebkhandakar/.m2/repository/org/apiguardian/apiguardian-api/1.1.2/apiguardian-api-1.1.2.jar:/Users/akeebkhandakar/.m2/repository/org/junit/jupiter/junit-jupiter-params/5.10.1/junit-jupiter-params-5.10.1.jar:/Users/akeebkhandakar/.m2/repository/org/junit/jupiter/junit-jupiter-engine/5.10.1/junit-jupiter-engine-5.10.1.jar:/Users/akeebkhandakar/.m2/repository/org/junit/platform/junit-platform-engine/1.10.1/junit-platform-engine-1.10.1.jar:/Users/akeebkhandakar/.m2/repository/org/mockito/mockito-core/5.7.0/mockito-core-5.7.0.jar:/Users/akeebkhandakar/.m2/repository/net/bytebuddy/byte-buddy-agent/1.14.11/byte-buddy-agent-1.14.11.jar:/Users/akeebkhandakar/.m2/repository/org/objenesis/objenesis/3.3/objenesis-3.3.jar:/Users/akeebkhandakar/.m2/repository/org/mockito/mockito-junit-jupiter/5.7.0/mockito-junit-jupiter-5.7.0.jar:/Users/akeebkhandakar/.m2/repository/org/skyscreamer/jsonassert/1.5.1/jsonassert-1.5.1.jar:/Users/akeebkhandakar/.m2/repository/com/vaadin/external/google/android-json/0.0.20131108.vaadin1/android-json-0.0.20131108.vaadin1.jar:/Users/akeebkhandakar/.m2/repository/org/springframework/spring-core/6.1.3/spring-core-6.1.3.jar:/Users/akeebkhandakar/.m2/repository/org/springframework/spring-jcl/6.1.3/spring-jcl-6.1.3.jar:/Users/akeebkhandakar/.m2/repository/org/springframework/spring-test/6.1.3/spring-test-6.1.3.jar:/Users/akeebkhandakar/.m2/repository/org/xmlunit/xmlunit-core/2.9.1/xmlunit-core-2.9.1.jar:"/>
    <property name="java.vm.vendor" value="Oracle Corporation"/>
    <property name="sun.arch.data.model" value="64"/>
    <property name="java.vendor.url" value="https://java.oracle.com/"/>
    <property name="user.timezone" value="America/New_York"/>
    <property name="os.name" value="Mac OS X"/>
    <property name="java.vm.specification.version" value="17"/>
    <property name="sun.java.launcher" value="SUN_STANDARD"/>
    <property name="user.country" value="US"/>
    <property name="sun.boot.library.path" value="/Library/Java/JavaVirtualMachines/jdk-17.0.1.jdk/Contents/Home/lib"/>
    <property name="sun.java.command" value="/Users/akeebkhandakar/Downloads/movies/target/surefire/surefirebooter-20240205212640042_3.jar /Users/akeebkhandakar/Downloads/movies/target/surefire 2024-02-05T21-26-39_595-jvmRun1 surefire-20240205212640042_1tmp surefire_0-20240205212640042_2tmp"/>
    <property name="http.nonProxyHosts" value="local|*.local|169.254/16|*.169.254/16"/>
    <property name="jdk.debug" value="release"/>
    <property name="surefire.test.class.path" value="/Users/akeebkhandakar/Downloads/movies/target/test-classes:/Users/akeebkhandakar/Downloads/movies/target/classes:/Users/akeebkhandakar/.m2/repository/org/springframework/boot/spring-boot-starter-data-mongodb/3.2.2/spring-boot-starter-data-mongodb-3.2.2.jar:/Users/akeebkhandakar/.m2/repository/org/springframework/boot/spring-boot-starter/3.2.2/spring-boot-starter-3.2.2.jar:/Users/akeebkhandakar/.m2/repository/org/springframework/boot/spring-boot-starter-logging/3.2.2/spring-boot-starter-logging-3.2.2.jar:/Users/akeebkhandakar/.m2/repository/ch/qos/logback/logback-classic/1.4.14/logback-classic-1.4.14.jar:/Users/akeebkhandakar/.m2/repository/ch/qos/logback/logback-core/1.4.14/logback-core-1.4.14.jar:/Users/akeebkhandakar/.m2/repository/org/apache/logging/log4j/log4j-to-slf4j/2.21.1/log4j-to-slf4j-2.21.1.jar:/Users/akeebkhandakar/.m2/repository/org/apache/logging/log4j/log4j-api/2.21.1/log4j-api-2.21.1.jar:/Users/akeebkhandakar/.m2/repository/org/slf4j/jul-to-slf4j/2.0.11/jul-to-slf4j-2.0.11.jar:/Users/akeebkhandakar/.m2/repository/jakarta/annotation/jakarta.annotation-api/2.1.1/jakarta.annotation-api-2.1.1.jar:/Users/akeebkhandakar/.m2/repository/org/yaml/snakeyaml/2.2/snakeyaml-2.2.jar:/Users/akeebkhandakar/.m2/repository/org/mongodb/mongodb-driver-sync/4.11.1/mongodb-driver-sync-4.11.1.jar:/Users/akeebkhandakar/.m2/repository/org/mongodb/bson/4.11.1/bson-4.11.1.jar:/Users/akeebkhandakar/.m2/repository/org/mongodb/mongodb-driver-core/4.11.1/mongodb-driver-core-4.11.1.jar:/Users/akeebkhandakar/.m2/repository/org/mongodb/bson-record-codec/4.11.1/bson-record-codec-4.11.1.jar:/Users/akeebkhandakar/.m2/repository/org/springframework/data/spring-data-mongodb/4.2.2/spring-data-mongodb-4.2.2.jar:/Users/akeebkhandakar/.m2/repository/org/springframework/spring-tx/6.1.3/spring-tx-6.1.3.jar:/Users/akeebkhandakar/.m2/repository/org/springframework/spring-context/6.1.3/spring-context-6.1.3.jar:/Users/akeebkhandakar/.m2/repository/org/springframework/spring-beans/6.1.3/spring-beans-6.1.3.jar:/Users/akeebkhandakar/.m2/repository/org/springframework/spring-expression/6.1.3/spring-expression-6.1.3.jar:/Users/akeebkhandakar/.m2/repository/org/springframework/data/spring-data-commons/3.2.2/spring-data-commons-3.2.2.jar:/Users/akeebkhandakar/.m2/repository/org/slf4j/slf4j-api/2.0.11/slf4j-api-2.0.11.jar:/Users/akeebkhandakar/.m2/repository/org/springframework/boot/spring-boot-starter-web/3.2.2/spring-boot-starter-web-3.2.2.jar:/Users/akeebkhandakar/.m2/repository/org/springframework/boot/spring-boot-starter-json/3.2.2/spring-boot-starter-json-3.2.2.jar:/Users/akeebkhandakar/.m2/repository/com/fasterxml/jackson/core/jackson-databind/2.15.3/jackson-databind-2.15.3.jar:/Users/akeebkhandakar/.m2/repository/com/fasterxml/jackson/core/jackson-annotations/2.15.3/jackson-annotations-2.15.3.jar:/Users/akeebkhandakar/.m2/repository/com/fasterxml/jackson/core/jackson-core/2.15.3/jackson-core-2.15.3.jar:/Users/akeebkhandakar/.m2/repository/com/fasterxml/jackson/datatype/jackson-datatype-jdk8/2.15.3/jackson-datatype-jdk8-2.15.3.jar:/Users/akeebkhandakar/.m2/repository/com/fasterxml/jackson/datatype/jackson-datatype-jsr310/2.15.3/jackson-datatype-jsr310-2.15.3.jar:/Users/akeebkhandakar/.m2/repository/com/fasterxml/jackson/module/jackson-module-parameter-names/2.15.3/jackson-module-parameter-names-2.15.3.jar:/Users/akeebkhandakar/.m2/repository/org/springframework/boot/spring-boot-starter-tomcat/3.2.2/spring-boot-starter-tomcat-3.2.2.jar:/Users/akeebkhandakar/.m2/repository/org/apache/tomcat/embed/tomcat-embed-core/10.1.18/tomcat-embed-core-10.1.18.jar:/Users/akeebkhandakar/.m2/repository/org/apache/tomcat/embed/tomcat-embed-el/10.1.18/tomcat-embed-el-10.1.18.jar:/Users/akeebkhandakar/.m2/repository/org/apache/tomcat/embed/tomcat-embed-websocket/10.1.18/tomcat-embed-websocket-10.1.18.jar:/Users/akeebkhandakar/.m2/repository/org/springframework/spring-web/6.1.3/spring-web-6.1.3.jar:/Users/akeebkhandakar/.m2/repository/io/micrometer/micrometer-observation/1.12.2/micrometer-observation-1.12.2.jar:/Users/akeebkhandakar/.m2/repository/io/micrometer/micrometer-commons/1.12.2/micrometer-commons-1.12.2.jar:/Users/akeebkhandakar/.m2/repository/org/springframework/spring-webmvc/6.1.3/spring-webmvc-6.1.3.jar:/Users/akeebkhandakar/.m2/repository/org/springframework/spring-aop/6.1.3/spring-aop-6.1.3.jar:/Users/akeebkhandakar/.m2/repository/org/springframework/boot/spring-boot-devtools/3.2.2/spring-boot-devtools-3.2.2.jar:/Users/akeebkhandakar/.m2/repository/org/springframework/boot/spring-boot/3.2.2/spring-boot-3.2.2.jar:/Users/akeebkhandakar/.m2/repository/org/springframework/boot/spring-boot-autoconfigure/3.2.2/spring-boot-autoconfigure-3.2.2.jar:/Users/akeebkhandakar/.m2/repository/org/projectlombok/lombok/1.18.30/lombok-1.18.30.jar:/Users/akeebkhandakar/.m2/repository/org/springframework/boot/spring-boot-starter-test/3.2.2/spring-boot-starter-test-3.2.2.jar:/Users/akeebkhandakar/.m2/repository/org/springframework/boot/spring-boot-test/3.2.2/spring-boot-test-3.2.2.jar:/Users/akeebkhandakar/.m2/repository/org/springframework/boot/spring-boot-test-autoconfigure/3.2.2/spring-boot-test-autoconfigure-3.2.2.jar:/Users/akeebkhandakar/.m2/repository/com/jayway/jsonpath/json-path/2.8.0/json-path-2.8.0.jar:/Users/akeebkhandakar/.m2/repository/jakarta/xml/bind/jakarta.xml.bind-api/4.0.1/jakarta.xml.bind-api-4.0.1.jar:/Users/akeebkhandakar/.m2/repository/jakarta/activation/jakarta.activation-api/2.1.2/jakarta.activation-api-2.1.2.jar:/Users/akeebkhandakar/.m2/repository/net/minidev/json-smart/2.5.0/json-smart-2.5.0.jar:/Users/akeebkhandakar/.m2/repository/net/minidev/accessors-smart/2.5.0/accessors-smart-2.5.0.jar:/Users/akeebkhandakar/.m2/repository/org/ow2/asm/asm/9.3/asm-9.3.jar:/Users/akeebkhandakar/.m2/repository/org/assertj/assertj-core/3.24.2/assertj-core-3.24.2.jar:/Users/akeebkhandakar/.m2/repository/net/bytebuddy/byte-buddy/1.14.11/byte-buddy-1.14.11.jar:/Users/akeebkhandakar/.m2/repository/org/awaitility/awaitility/4.2.0/awaitility-4.2.0.jar:/Users/akeebkhandakar/.m2/repository/org/hamcrest/hamcrest/2.2/hamcrest-2.2.jar:/Users/akeebkhandakar/.m2/repository/org/junit/jupiter/junit-jupiter/5.10.1/junit-jupiter-5.10.1.jar:/Users/akeebkhandakar/.m2/repository/org/junit/jupiter/junit-jupiter-api/5.10.1/junit-jupiter-api-5.10.1.jar:/Users/akeebkhandakar/.m2/repository/org/opentest4j/opentest4j/1.3.0/opentest4j-1.3.0.jar:/Users/akeebkhandakar/.m2/repository/org/junit/platform/junit-platform-commons/1.10.1/junit-platform-commons-1.10.1.jar:/Users/akeebkhandakar/.m2/repository/org/apiguardian/apiguardian-api/1.1.2/apiguardian-api-1.1.2.jar:/Users/akeebkhandakar/.m2/repository/org/junit/jupiter/junit-jupiter-params/5.10.1/junit-jupiter-params-5.10.1.jar:/Users/akeebkhandakar/.m2/repository/org/junit/jupiter/junit-jupiter-engine/5.10.1/junit-jupiter-engine-5.10.1.jar:/Users/akeebkhandakar/.m2/repository/org/junit/platform/junit-platform-engine/1.10.1/junit-platform-engine-1.10.1.jar:/Users/akeebkhandakar/.m2/repository/org/mockito/mockito-core/5.7.0/mockito-core-5.7.0.jar:/Users/akeebkhandakar/.m2/repository/net/bytebuddy/byte-buddy-agent/1.14.11/byte-buddy-agent-1.14.11.jar:/Users/akeebkhandakar/.m2/repository/org/objenesis/objenesis/3.3/objenesis-3.3.jar:/Users/akeebkhandakar/.m2/repository/org/mockito/mockito-junit-jupiter/5.7.0/mockito-junit-jupiter-5.7.0.jar:/Users/akeebkhandakar/.m2/repository/org/skyscreamer/jsonassert/1.5.1/jsonassert-1.5.1.jar:/Users/akeebkhandakar/.m2/repository/com/vaadin/external/google/android-json/0.0.20131108.vaadin1/android-json-0.0.20131108.vaadin1.jar:/Users/akeebkhandakar/.m2/repository/org/springframework/spring-core/6.1.3/spring-core-6.1.3.jar:/Users/akeebkhandakar/.m2/repository/org/springframework/spring-jcl/6.1.3/spring-jcl-6.1.3.jar:/Users/akeebkhandakar/.m2/repository/org/springframework/spring-test/6.1.3/spring-test-6.1.3.jar:/Users/akeebkhandakar/.m2/repository/org/xmlunit/xmlunit-core/2.9.1/xmlunit-core-2.9.1.jar:"/>
    <property name="sun.cpu.endian" value="little"/>
    <property name="user.home" value="/Users/akeebkhandakar"/>
    <property name="user.language" value="en"/>
    <property name="java.specification.vendor" value="Oracle Corporation"/>
    <property name="java.version.date" value="2021-10-19"/>
    <property name="java.home" value="/Library/Java/JavaVirtualMachines/jdk-17.0.1.jdk/Contents/Home"/>
    <property name="file.separator" value="/"/>
    <property name="basedir" value="/Users/akeebkhandakar/Downloads/movies"/>
    <property name="java.vm.compressedOopsMode" value="Zero based"/>
    <property name="line.separator" value="&#10;"/>
    <property name="java.vm.specification.vendor" value="Oracle Corporation"/>
    <property name="java.specification.name" value="Java Platform API Specification"/>
    <property name="FILE_LOG_CHARSET" value="UTF-8"/>
    <property name="java.awt.headless" value="true"/>
    <property name="surefire.real.class.path" value="/Users/akeebkhandakar/Downloads/movies/target/surefire/surefirebooter-20240205212640042_3.jar"/>
    <property name="sun.management.compiler" value="HotSpot 64-Bit Tiered Compilers"/>
    <property name="ftp.nonProxyHosts" value="local|*.local|169.254/16|*.169.254/16"/>
    <property name="java.runtime.version" value="17.0.1+12-LTS-39"/>
    <property name="user.name" value="akeebkhandakar"/>
    <property name="path.separator" value=":"/>
    <property name="os.version" value="14.1.2"/>
    <property name="java.runtime.name" value="Java(TM) SE Runtime Environment"/>
    <property name="file.encoding" value="UTF-8"/>
    <property name="java.vm.name" value="Java HotSpot(TM) 64-Bit Server VM"/>
    <property name="localRepository" value="/Users/akeebkhandakar/.m2/repository"/>
    <property name="java.vendor.url.bug" value="https://bugreport.java.com/bugreport/"/>
    <property name="java.io.tmpdir" value="/var/folders/cg/7vd22rdx6jq2nj4wn2z7p9r00000gn/T/"/>
    <property name="java.version" value="17.0.1"/>
    <property name="user.dir" value="/Users/akeebkhandakar/Downloads/movies"/>
    <property name="os.arch" value="aarch64"/>
    <property name="java.vm.specification.name" value="Java Virtual Machine Specification"/>
    <property name="PID" value="87013"/>
    <property name="CONSOLE_LOG_CHARSET" value="UTF-8"/>
    <property name="native.encoding" value="UTF-8"/>
    <property name="java.library.path" value="/Users/akeebkhandakar/Library/Java/Extensions:/Library/Java/Extensions:/Network/Library/Java/Extensions:/System/Library/Java/Extensions:/usr/lib/java:."/>
    <property name="java.vm.info" value="mixed mode, sharing"/>
    <property name="java.vendor" value="Oracle Corporation"/>
    <property name="java.vm.version" value="17.0.1+12-LTS-39"/>
    <property name="sun.io.unicode.encoding" value="UnicodeBig"/>
    <property name="socksNonProxyHosts" value="local|*.local|169.254/16|*.169.254/16"/>
    <property name="java.class.version" value="61.0"/>
  </properties>
  <testcase name="contextLoads" classname="metal.akeeb.movies.MoviesApplicationTests" time="0.612">
    <system-out><![CDATA[21:26:40.628 [main] INFO org.springframework.test.context.support.AnnotationConfigContextLoaderUtils -- Could not detect default configuration classes for test class [metal.akeeb.movies.MoviesApplicationTests]: MoviesApplicationTests does not declare any static, non-private, non-final, nested classes annotated with @Configuration.
21:26:40.689 [main] INFO org.springframework.boot.test.context.SpringBootTestContextBootstrapper -- Found @SpringBootConfiguration metal.akeeb.movies.MoviesApplication for test class metal.akeeb.movies.MoviesApplicationTests
21:26:40.828 [main] INFO org.springframework.boot.devtools.restart.RestartApplicationListener -- Restart disabled due to context in which it is running

  .   ____          _            __ _ _
 /\\ / ___'_ __ _ _(_)_ __  __ _ \ \ \ \
( ( )\___ | '_ | '_| | '_ \/ _` | \ \ \ \
 \\/  ___)| |_)| | | | | || (_| |  ) ) ) )
  '  |____| .__|_| |_|_| |_\__, | / / / /
 =========|_|==============|___/=/_/_/_/
 :: Spring Boot ::                (v3.2.2)

2024-02-05T21:26:40.957-05:00  INFO 87013 --- [           main] m.akeeb.movies.MoviesApplicationTests    : Starting MoviesApplicationTests using Java 17.0.1 with PID 87013 (started by akeebkhandakar in /Users/akeebkhandakar/Downloads/movies)
2024-02-05T21:26:40.958-05:00  INFO 87013 --- [           main] m.akeeb.movies.MoviesApplicationTests    : No active profile set, falling back to 1 default profile: "default"
2024-02-05T21:26:41.292-05:00  INFO 87013 --- [           main] .s.d.r.c.RepositoryConfigurationDelegate : Bootstrapping Spring Data MongoDB repositories in DEFAULT mode.
2024-02-05T21:26:41.302-05:00  INFO 87013 --- [           main] .s.d.r.c.RepositoryConfigurationDelegate : Finished Spring Data repository scanning in 7 ms. Found 0 MongoDB repository interfaces.
2024-02-05T21:26:41.782-05:00  INFO 87013 --- [           main] org.mongodb.driver.client                : MongoClient with metadata {"driver": {"name": "mongo-java-driver|sync|spring-boot", "version": "4.11.1"}, "os": {"type": "Darwin", "name": "Mac OS X", "architecture": "aarch64", "version": "14.1.2"}, "platform": "Java/Oracle Corporation/17.0.1+12-LTS-39"} created with settings MongoClientSettings{readPreference=primary, writeConcern=WriteConcern{w=null, wTimeout=null ms, journal=null}, retryWrites=true, retryReads=true, readConcern=ReadConcern{level=null}, credential=null, transportSettings=null, streamFactoryFactory=null, commandListeners=[], codecRegistry=ProvidersCodecRegistry{codecProviders=[ValueCodecProvider{}, BsonValueCodecProvider{}, DBRefCodecProvider{}, DBObjectCodecProvider{}, DocumentCodecProvider{}, CollectionCodecProvider{}, IterableCodecProvider{}, MapCodecProvider{}, GeoJsonCodecProvider{}, GridFSFileCodecProvider{}, Jsr310CodecProvider{}, JsonObjectCodecProvider{}, BsonCodecProvider{}, EnumCodecProvider{}, com.mongodb.client.model.mql.ExpressionCodecProvider@433d9680, com.mongodb.Jep395RecordCodecProvider@566e142, com.mongodb.KotlinCodecProvider@2da81754]}, loggerSettings=LoggerSettings{maxDocumentLength=1000}, clusterSettings={hosts=[localhost:27017], srvServiceName=mongodb, mode=SINGLE, requiredClusterType=UNKNOWN, requiredReplicaSetName='null', serverSelector='null', clusterListeners='[]', serverSelectionTimeout='30000 ms', localThreshold='15 ms'}, socketSettings=SocketSettings{connectTimeoutMS=10000, readTimeoutMS=0, receiveBufferSize=0, proxySettings=ProxySettings{host=null, port=null, username=null, password=null}}, heartbeatSocketSettings=SocketSettings{connectTimeoutMS=10000, readTimeoutMS=10000, receiveBufferSize=0, proxySettings=ProxySettings{host=null, port=null, username=null, password=null}}, connectionPoolSettings=ConnectionPoolSettings{maxSize=100, minSize=0, maxWaitTimeMS=120000, maxConnectionLifeTimeMS=0, maxConnectionIdleTimeMS=0, maintenanceInitialDelayMS=0, maintenanceFrequencyMS=60000, connectionPoolListeners=[], maxConnecting=2}, serverSettings=ServerSettings{heartbeatFrequencyMS=10000, minHeartbeatFrequencyMS=500, serverListeners='[]', serverMonitorListeners='[]'}, sslSettings=SslSettings{enabled=false, invalidHostNameAllowed=false, context=null}, applicationName='null', compressorList=[], uuidRepresentation=JAVA_LEGACY, serverApi=null, autoEncryptionSettings=null, dnsClient=null, inetAddressResolver=null, contextProvider=null}
2024-02-05T21:26:41.792-05:00  INFO 87013 --- [localhost:27017] org.mongodb.driver.cluster               : Exception in monitor thread while connecting to server localhost:27017

com.mongodb.MongoSocketOpenException: Exception opening socket
	at com.mongodb.internal.connection.SocketStream.lambda$open$0(SocketStream.java:84) ~[mongodb-driver-core-4.11.1.jar:na]
	at java.base/java.util.Optional.orElseThrow(Optional.java:403) ~[na:na]
	at com.mongodb.internal.connection.SocketStream.open(SocketStream.java:84) ~[mongodb-driver-core-4.11.1.jar:na]
	at com.mongodb.internal.connection.InternalStreamConnection.open(InternalStreamConnection.java:211) ~[mongodb-driver-core-4.11.1.jar:na]
	at com.mongodb.internal.connection.DefaultServerMonitor$ServerMonitorRunnable.lookupServerDescription(DefaultServerMonitor.java:196) ~[mongodb-driver-core-4.11.1.jar:na]
	at com.mongodb.internal.connection.DefaultServerMonitor$ServerMonitorRunnable.run(DefaultServerMonitor.java:156) ~[mongodb-driver-core-4.11.1.jar:na]
	at java.base/java.lang.Thread.run(Thread.java:833) ~[na:na]
Caused by: java.net.ConnectException: Connection refused
	at java.base/sun.nio.ch.Net.pollConnect(Native Method) ~[na:na]
	at java.base/sun.nio.ch.Net.pollConnectNow(Net.java:672) ~[na:na]
	at java.base/sun.nio.ch.NioSocketImpl.timedFinishConnect(NioSocketImpl.java:542) ~[na:na]
	at java.base/sun.nio.ch.NioSocketImpl.connect(NioSocketImpl.java:597) ~[na:na]
	at java.base/java.net.SocksSocketImpl.connect(SocksSocketImpl.java:327) ~[na:na]
	at java.base/java.net.Socket.connect(Socket.java:633) ~[na:na]
	at com.mongodb.internal.connection.SocketStreamHelper.initialize(SocketStreamHelper.java:76) ~[mongodb-driver-core-4.11.1.jar:na]
	at com.mongodb.internal.connection.SocketStream.initializeSocket(SocketStream.java:104) ~[mongodb-driver-core-4.11.1.jar:na]
	at com.mongodb.internal.connection.SocketStream.open(SocketStream.java:78) ~[mongodb-driver-core-4.11.1.jar:na]
	... 4 common frames omitted

2024-02-05T21:26:41.927-05:00  INFO 87013 --- [           main] m.akeeb.movies.MoviesApplicationTests    : Started MoviesApplicationTests in 1.107 seconds (process running for 1.794)
]]></system-out>
  </testcase>
</testsuite>